<?xml version="1.0" encoding="UTF-8"?>
<testsuite name="TesteRegistroPontos" tests="1" skipped="0" failures="0" errors="0" timestamp="2021-09-08T14:44:47" hostname="patrickfrr-System-Product-Name" time="0.078">
  <properties/>
  <testcase name="pontosCriarTopico()" classname="TesteRegistroPontos" time="0.078"/>
  <system-out><![CDATA[]]></system-out>
  <system-err><![CDATA[]]></system-err>
</testsuite>
