<?xml version="1.0" encoding="UTF-8"?>
<testsuite name="TesteRegistroPontos" tests="3" skipped="0" failures="0" errors="0" timestamp="2021-09-08T14:57:51" hostname="patrickfrr-System-Product-Name" time="0.126">
  <properties/>
  <testcase name="pontosCriarTopicoBonusDoDia()" classname="TesteRegistroPontos" time="0.105"/>
  <testcase name="pontosCriarTopicoVip()" classname="TesteRegistroPontos" time="0.003"/>
  <testcase name="pontosCriarTopico()" classname="TesteRegistroPontos" time="0.015"/>
  <system-out><![CDATA[]]></system-out>
  <system-err><![CDATA[]]></system-err>
</testsuite>
